#
# A fatal error has been detected by the Java Runtime Environment:
#
#  EXCEPTION_ACCESS_VIOLATION (0xc0000005) at pc=0x0000000071bb7be4, pid=9308, tid=392
#
# JRE version: Java(TM) SE Runtime Environment (9.0+181) (build 9+181)
# Java VM: Java HotSpot(TM) 64-Bit Server VM (9+181, mixed mode, tiered, compressed oops, g1 gc, windows-amd64)
# Problematic frame:
# V  [jvm.dll+0x217be4]
#
# No core dump will be written. Minidumps are not enabled by default on client versions of Windows
#
# If you would like to submit a bug report, please visit:
#   http://bugreport.java.com/bugreport/crash.jsp
#

---------------  S U M M A R Y ------------

Command Line: -agentlib:jdwp=transport=dt_socket,address=127.0.0.1:63858,suspend=y,server=n -Dfile.encoding=UTF-8 main.java.Start

Host: Intel(R) Core(TM) i7-4810MQ CPU @ 2.80GHz, 8 cores, 7G,  Windows 10 , 64 bit Build 16299 (10.0.16299.15)
Time: Sun Apr 01 06:24:15 2018 GMT Daylight Time elapsed time: 175501 seconds (2d 0h 45m 1s)

---------------  T H R E A D  ---------------

Current thread (0x000002277f948800):  VMThread "VM Thread" [stack: 0x000000fc51200000,0x000000fc51300000] [id=392]

Stack: [0x000000fc51200000,0x000000fc51300000],  sp=0x000000fc512ff528,  free space=1021k
Native frames: (J=compiled Java code, j=interpreted, Vv=VM code, C=native code)
V  [jvm.dll+0x217be4]


siginfo: EXCEPTION_ACCESS_VIOLATION (0xc0000005), reading address 0x000002277f495538


Register to memory mapping:

RIP=0x0000000071bb7be4 jvm.dll
RAX=0x00000000000540a0 is an unknown value
RBX=0x000002277f440550 is pointing into metadata
RCX=0x000002277f441488 is pointing into metadata
RDX=0x0000000000002a05 is an unknown value
RSP=0x000000fc512ff528 is an unknown value
RBP=0x0000000000000001 is an unknown value
RSI=0x000000fc512ff7e0 is an unknown value
RDI=0x000000fc512ff7e0 is an unknown value
R8 =0x0000000000000000 is an unknown value
R9 =0x000002277f440550 is pointing into metadata
R10=0x000002277fa10c68 is an unknown value
R11=0x000002277fa10ab0 is an unknown value
R12=0x000000fc512ffa01 is an unknown value
R13=0x0000000000000000 is an unknown value
R14=0x0000000000000000 is an unknown value
R15=0x00000000000000f0 is an unknown value


Registers:
RAX=0x00000000000540a0, RBX=0x000002277f440550, RCX=0x000002277f441488, RDX=0x0000000000002a05
RSP=0x000000fc512ff528, RBP=0x0000000000000001, RSI=0x000000fc512ff7e0, RDI=0x000000fc512ff7e0
R8 =0x0000000000000000, R9 =0x000002277f440550, R10=0x000002277fa10c68, R11=0x000002277fa10ab0
R12=0x000000fc512ffa01, R13=0x0000000000000000, R14=0x0000000000000000, R15=0x00000000000000f0
RIP=0x0000000071bb7be4, EFLAGS=0x0000000000010206

Top of Stack: (sp=0x000000fc512ff528)
0x000000fc512ff528:   0000000071c93f13 000000fc512ff720
0x000000fc512ff538:   000000fc512ff590 000002277fa10768
0x000000fc512ff548:   0000000071c9759b 000000fc512ff7e0
0x000000fc512ff558:   000002277fa10790 0000000046000042
0x000000fc512ff568:   0000000071c97a56 00000b8e1375bbe5
0x000000fc512ff578:   0000000071c96ca6 0000000000000006
0x000000fc512ff588:   000000fc512ff620 000000fc512ff7e0
0x000000fc512ff598:   0000000071c962bb 000000fc512ff7e0
0x000000fc512ff5a8:   000000000000005c 000000fc512ff650
0x000000fc512ff5b8:   000000fc512ff7e0 000000000000005c
0x000000fc512ff5c8:   0000000000000005 00000000000000f0
0x000000fc512ff5d8:   000000000000006a 000002277fa10790
0x000000fc512ff5e8:   0000000071c968fe 000000fc512ff7e0
0x000000fc512ff5f8:   000000fc512ff650 0000000000000006
0x000000fc512ff608:   000002277fa10790 0000000000006000
0x000000fc512ff618:   0000000071c98801 000002277f440fa0 

Instructions: (pc=0x0000000071bb7be4)
0x0000000071bb7bc4:   18 f7 d2 48 63 c2 48 c1 e0 05 48 8b 44 08 10 0f
0x0000000071bb7bd4:   b7 c0 41 0f b7 44 c1 4a c3 48 63 c2 48 c1 e0 05
0x0000000071bb7be4:   48 8b 44 08 10 0f b7 d0 48 63 c2 41 0f b7 44 c1
0x0000000071bb7bf4:   4a c3 49 8b 41 08 48 63 ca 0f b6 44 08 04 3c 12 


VM_Operation (0x000000fc51eff450): GetOrSetLocal, mode: safepoint, requested by thread 0x0000022700168000


---------------  P R O C E S S  ---------------

Java Threads: ( => current thread )
  0x000002270018b800 JavaThread "Service Thread" daemon [_thread_blocked, id=15780, stack(0x000000fc52100000,0x000000fc52200000)]
  0x0000022700176800 JavaThread "JDWP Command Reader" daemon [_thread_in_native, id=9788, stack(0x000000fc52000000,0x000000fc52100000)]
  0x0000022700171800 JavaThread "JDWP Event Helper Thread" daemon [_thread_blocked, id=2136, stack(0x000000fc51f00000,0x000000fc52000000)]
  0x0000022700168000 JavaThread "JDWP Transport Listener: dt_socket" daemon [_thread_blocked, id=16072, stack(0x000000fc51e00000,0x000000fc51f00000)]
  0x000002277fa3b000 JavaThread "Common-Cleaner" daemon [_thread_blocked, id=12192, stack(0x000000fc51d00000,0x000000fc51e00000)]
  0x000002277f9d1000 JavaThread "Sweeper thread" daemon [_thread_blocked, id=12060, stack(0x000000fc51c00000,0x000000fc51d00000)]
  0x000002277f9b7800 JavaThread "C1 CompilerThread3" daemon [_thread_blocked, id=3140, stack(0x000000fc51b00000,0x000000fc51c00000)]
  0x000002277f9ac800 JavaThread "C2 CompilerThread2" daemon [_thread_blocked, id=9420, stack(0x000000fc51a00000,0x000000fc51b00000)]
  0x000002277f9ac000 JavaThread "C2 CompilerThread1" daemon [_thread_blocked, id=6148, stack(0x000000fc51900000,0x000000fc51a00000)]
  0x000002277f9ab000 JavaThread "C2 CompilerThread0" daemon [_thread_blocked, id=1972, stack(0x000000fc51800000,0x000000fc51900000)]
  0x000002277f9a8800 JavaThread "Attach Listener" daemon [_thread_blocked, id=3092, stack(0x000000fc51700000,0x000000fc51800000)]
  0x000002277f9a7800 JavaThread "Signal Dispatcher" daemon [_thread_blocked, id=16080, stack(0x000000fc51600000,0x000000fc51700000)]
  0x000002277f955800 JavaThread "Finalizer" daemon [_thread_blocked, id=11852, stack(0x000000fc51400000,0x000000fc51500000)]
  0x000002277f94a800 JavaThread "Reference Handler" daemon [_thread_blocked, id=11116, stack(0x000000fc51300000,0x000000fc51400000)]
  0x000002275bb5f000 JavaThread "main" [_thread_blocked, id=14144, stack(0x000000fc4fd00000,0x000000fc4fe00000)]

Other Threads:
=>0x000002277f948800 VMThread "VM Thread" [stack: 0x000000fc51200000,0x000000fc51300000] [id=392]
  0x0000022700188800 WatcherThread [stack: 0x000000fc52200000,0x000000fc52300000] [id=5604]
  0x000002275bb77000 GCTaskThread "GC Thread#0" [stack: 0x000000fc4fe00000,0x000000fc4ff00000] [id=12536]
  0x000002275bb78000 GCTaskThread "GC Thread#1" [stack: 0x000000fc4ff00000,0x000000fc50000000] [id=9224]
  0x000002275bb7a000 GCTaskThread "GC Thread#2" [stack: 0x000000fc50000000,0x000000fc50100000] [id=5720]
  0x000002275bb7d000 GCTaskThread "GC Thread#3" [stack: 0x000000fc50100000,0x000000fc50200000] [id=12712]
  0x000002275bb80000 GCTaskThread "GC Thread#4" [stack: 0x000000fc50200000,0x000000fc50300000] [id=9144]
  0x000002275bb91000 GCTaskThread "GC Thread#5" [stack: 0x000000fc50300000,0x000000fc50400000] [id=15504]
  0x000002275bb96000 GCTaskThread "GC Thread#6" [stack: 0x000000fc50400000,0x000000fc50500000] [id=2984]
  0x000002275bb97000 GCTaskThread "GC Thread#7" [stack: 0x000000fc50500000,0x000000fc50600000] [id=7120]
  0x000002275bbec800 ConcurrentGCThread "G1 Main Marker" [stack: 0x000000fc50f00000,0x000000fc51000000] [id=10132]
  0x000002275bb95000 ConcurrentGCThread "G1 Marker#0" [stack: 0x000000fc51000000,0x000000fc51100000] [id=11496]
  0x000002275bb98000 ConcurrentGCThread "G1 Marker#1" [stack: 0x000000fc51100000,0x000000fc51200000] [id=7700]
  0x000002275bbb4000 ConcurrentGCThread "G1 Refine#0" [stack: 0x000000fc50d00000,0x000000fc50e00000] [id=7488]
  0x000002275bbb3000 ConcurrentGCThread "G1 Refine#1" [stack: 0x000000fc50c00000,0x000000fc50d00000] [id=10964]
  0x000002275bbb1800 ConcurrentGCThread "G1 Refine#2" [stack: 0x000000fc50b00000,0x000000fc50c00000] [id=1708]
  0x000002275bbaa800 ConcurrentGCThread "G1 Refine#3" [stack: 0x000000fc50a00000,0x000000fc50b00000] [id=1348]
  0x000002275bba1800 ConcurrentGCThread "G1 Refine#4" [stack: 0x000000fc50900000,0x000000fc50a00000] [id=3448]
  0x000002275bb9f000 ConcurrentGCThread "G1 Refine#5" [stack: 0x000000fc50800000,0x000000fc50900000] [id=6440]
  0x000002275bb9e000 ConcurrentGCThread "G1 Refine#6" [stack: 0x000000fc50700000,0x000000fc50800000] [id=16220]
  0x000002275bb9c800 ConcurrentGCThread "G1 Refine#7" [stack: 0x000000fc50600000,0x000000fc50700000] [id=10844]
  0x000002275bbc8800 ConcurrentGCThread "G1 Young RemSet Sampling" [stack: 0x000000fc50e00000,0x000000fc50f00000] [id=4088]

Threads with active compile tasks:

VM state:at safepoint (normal execution)

VM Mutex/Monitor currently owned by a thread:  ([mutex/lock_event])
[0x000002275bb5ac40] Threads_lock - owner thread: 0x000002277f948800

Heap address: 0x0000000081400000, size: 2028 MB, Compressed Oops mode: 32-bit
Narrow klass base: 0x0000000000000000, Narrow klass shift: 3
Compressed class space size: 1073741824 Address: 0x0000000100000000

Heap:
 garbage-first heap   total 131072K, used 1024K [0x0000000081400000, 0x0000000081500400, 0x0000000100000000)
  region size 1024K, 2 young (2048K), 0 survivors (0K)
 Metaspace       used 4356K, capacity 4664K, committed 4864K, reserved 1056768K
  class space    used 388K, capacity 424K, committed 512K, reserved 1048576K
Heap Regions: E=young(eden), S=young(survivor), O=old, HS=humongous(starts), HC=humongous(continues), CS=collection set, F=free, A=archive, TS=gc time stamp, AC=allocation context, TAMS=top-at-mark-start (previous, next)
|   0|0x0000000081400000, 0x0000000081400000, 0x0000000081500000|  0%| F|  |TS  0|AC  0|TAMS 0x0000000081400000, 0x0000000081400000|
|   1|0x0000000081500000, 0x0000000081500000, 0x0000000081600000|  0%| F|  |TS  0|AC  0|TAMS 0x0000000081500000, 0x0000000081500000|
|   2|0x0000000081600000, 0x0000000081600000, 0x0000000081700000|  0%| F|  |TS  0|AC  0|TAMS 0x0000000081600000, 0x0000000081600000|
|   3|0x0000000081700000, 0x0000000081700000, 0x0000000081800000|  0%| F|  |TS  0|AC  0|TAMS 0x0000000081700000, 0x0000000081700000|
|   4|0x0000000081800000, 0x0000000081800000, 0x0000000081900000|  0%| F|  |TS  0|AC  0|TAMS 0x0000000081800000, 0x0000000081800000|
|   5|0x0000000081900000, 0x0000000081900000, 0x0000000081a00000|  0%| F|  |TS  0|AC  0|TAMS 0x0000000081900000, 0x0000000081900000|
|   6|0x0000000081a00000, 0x0000000081a00000, 0x0000000081b00000|  0%| F|  |TS  0|AC  0|TAMS 0x0000000081a00000, 0x0000000081a00000|
|   7|0x0000000081b00000, 0x0000000081b00000, 0x0000000081c00000|  0%| F|  |TS  0|AC  0|TAMS 0x0000000081b00000, 0x0000000081b00000|
|   8|0x0000000081c00000, 0x0000000081c00000, 0x0000000081d00000|  0%| F|  |TS  0|AC  0|TAMS 0x0000000081c00000, 0x0000000081c00000|
|   9|0x0000000081d00000, 0x0000000081d00000, 0x0000000081e00000|  0%| F|  |TS  0|AC  0|TAMS 0x0000000081d00000, 0x0000000081d00000|
|  10|0x0000000081e00000, 0x0000000081e00000, 0x0000000081f00000|  0%| F|  |TS  0|AC  0|TAMS 0x0000000081e00000, 0x0000000081e00000|
|  11|0x0000000081f00000, 0x0000000081f00000, 0x0000000082000000|  0%| F|  |TS  0|AC  0|TAMS 0x0000000081f00000, 0x0000000081f00000|
|  12|0x0000000082000000, 0x0000000082000000, 0x0000000082100000|  0%| F|  |TS  0|AC  0|TAMS 0x0000000082000000, 0x0000000082000000|
|  13|0x0000000082100000, 0x0000000082100000, 0x0000000082200000|  0%| F|  |TS  0|AC  0|TAMS 0x0000000082100000, 0x0000000082100000|
|  14|0x0000000082200000, 0x0000000082200000, 0x0000000082300000|  0%| F|  |TS  0|AC  0|TAMS 0x0000000082200000, 0x0000000082200000|
|  15|0x0000000082300000, 0x0000000082300000, 0x0000000082400000|  0%| F|  |TS  0|AC  0|TAMS 0x0000000082300000, 0x0000000082300000|
|  16|0x0000000082400000, 0x0000000082400000, 0x0000000082500000|  0%| F|  |TS  0|AC  0|TAMS 0x0000000082400000, 0x0000000082400000|
|  17|0x0000000082500000, 0x0000000082500000, 0x0000000082600000|  0%| F|  |TS  0|AC  0|TAMS 0x0000000082500000, 0x0000000082500000|
|  18|0x0000000082600000, 0x0000000082600000, 0x0000000082700000|  0%| F|  |TS  0|AC  0|TAMS 0x0000000082600000, 0x0000000082600000|
|  19|0x0000000082700000, 0x0000000082700000, 0x0000000082800000|  0%| F|  |TS  0|AC  0|TAMS 0x0000000082700000, 0x0000000082700000|
|  20|0x0000000082800000, 0x0000000082800000, 0x0000000082900000|  0%| F|  |TS  0|AC  0|TAMS 0x0000000082800000, 0x0000000082800000|
|  21|0x0000000082900000, 0x0000000082900000, 0x0000000082a00000|  0%| F|  |TS  0|AC  0|TAMS 0x0000000082900000, 0x0000000082900000|
|  22|0x0000000082a00000, 0x0000000082a00000, 0x0000000082b00000|  0%| F|  |TS  0|AC  0|TAMS 0x0000000082a00000, 0x0000000082a00000|
|  23|0x0000000082b00000, 0x0000000082b00000, 0x0000000082c00000|  0%| F|  |TS  0|AC  0|TAMS 0x0000000082b00000, 0x0000000082b00000|
|  24|0x0000000082c00000, 0x0000000082c00000, 0x0000000082d00000|  0%| F|  |TS  0|AC  0|TAMS 0x0000000082c00000, 0x0000000082c00000|
|  25|0x0000000082d00000, 0x0000000082d00000, 0x0000000082e00000|  0%| F|  |TS  0|AC  0|TAMS 0x0000000082d00000, 0x0000000082d00000|
|  26|0x0000000082e00000, 0x0000000082e00000, 0x0000000082f00000|  0%| F|  |TS  0|AC  0|TAMS 0x0000000082e00000, 0x0000000082e00000|
|  27|0x0000000082f00000, 0x0000000082f00000, 0x0000000083000000|  0%| F|  |TS  0|AC  0|TAMS 0x0000000082f00000, 0x0000000082f00000|
|  28|0x0000000083000000, 0x0000000083000000, 0x0000000083100000|  0%| F|  |TS  0|AC  0|TAMS 0x0000000083000000, 0x0000000083000000|
|  29|0x0000000083100000, 0x0000000083100000, 0x0000000083200000|  0%| F|  |TS  0|AC  0|TAMS 0x0000000083100000, 0x0000000083100000|
|  30|0x0000000083200000, 0x0000000083200000, 0x0000000083300000|  0%| F|  |TS  0|AC  0|TAMS 0x0000000083200000, 0x0000000083200000|
|  31|0x0000000083300000, 0x0000000083300000, 0x0000000083400000|  0%| F|  |TS  0|AC  0|TAMS 0x0000000083300000, 0x0000000083300000|
|  32|0x0000000083400000, 0x0000000083400000, 0x0000000083500000|  0%| F|  |TS  0|AC  0|TAMS 0x0000000083400000, 0x0000000083400000|
|  33|0x0000000083500000, 0x0000000083500000, 0x0000000083600000|  0%| F|  |TS  0|AC  0|TAMS 0x0000000083500000, 0x0000000083500000|
|  34|0x0000000083600000, 0x0000000083600000, 0x0000000083700000|  0%| F|  |TS  0|AC  0|TAMS 0x0000000083600000, 0x0000000083600000|
|  35|0x0000000083700000, 0x0000000083700000, 0x0000000083800000|  0%| F|  |TS  0|AC  0|TAMS 0x0000000083700000, 0x0000000083700000|
|  36|0x0000000083800000, 0x0000000083800000, 0x0000000083900000|  0%| F|  |TS  0|AC  0|TAMS 0x0000000083800000, 0x0000000083800000|
|  37|0x0000000083900000, 0x0000000083900000, 0x0000000083a00000|  0%| F|  |TS  0|AC  0|TAMS 0x0000000083900000, 0x0000000083900000|
|  38|0x0000000083a00000, 0x0000000083a00000, 0x0000000083b00000|  0%| F|  |TS  0|AC  0|TAMS 0x0000000083a00000, 0x0000000083a00000|
|  39|0x0000000083b00000, 0x0000000083b00000, 0x0000000083c00000|  0%| F|  |TS  0|AC  0|TAMS 0x0000000083b00000, 0x0000000083b00000|
|  40|0x0000000083c00000, 0x0000000083c00000, 0x0000000083d00000|  0%| F|  |TS  0|AC  0|TAMS 0x0000000083c00000, 0x0000000083c00000|
|  41|0x0000000083d00000, 0x0000000083d00000, 0x0000000083e00000|  0%| F|  |TS  0|AC  0|TAMS 0x0000000083d00000, 0x0000000083d00000|
|  42|0x0000000083e00000, 0x0000000083e00000, 0x0000000083f00000|  0%| F|  |TS  0|AC  0|TAMS 0x0000000083e00000, 0x0000000083e00000|
|  43|0x0000000083f00000, 0x0000000083f00000, 0x0000000084000000|  0%| F|  |TS  0|AC  0|TAMS 0x0000000083f00000, 0x0000000083f00000|
|  44|0x0000000084000000, 0x0000000084000000, 0x0000000084100000|  0%| F|  |TS  0|AC  0|TAMS 0x0000000084000000, 0x0000000084000000|
|  45|0x0000000084100000, 0x0000000084100000, 0x0000000084200000|  0%| F|  |TS  0|AC  0|TAMS 0x0000000084100000, 0x0000000084100000|
|  46|0x0000000084200000, 0x0000000084200000, 0x0000000084300000|  0%| F|  |TS  0|AC  0|TAMS 0x0000000084200000, 0x0000000084200000|
|  47|0x0000000084300000, 0x0000000084300000, 0x0000000084400000|  0%| F|  |TS  0|AC  0|TAMS 0x0000000084300000, 0x0000000084300000|
|  48|0x0000000084400000, 0x0000000084400000, 0x0000000084500000|  0%| F|  |TS  0|AC  0|TAMS 0x0000000084400000, 0x0000000084400000|
|  49|0x0000000084500000, 0x0000000084500000, 0x0000000084600000|  0%| F|  |TS  0|AC  0|TAMS 0x0000000084500000, 0x0000000084500000|
|  50|0x0000000084600000, 0x0000000084600000, 0x0000000084700000|  0%| F|  |TS  0|AC  0|TAMS 0x0000000084600000, 0x0000000084600000|
|  51|0x0000000084700000, 0x0000000084700000, 0x0000000084800000|  0%| F|  |TS  0|AC  0|TAMS 0x0000000084700000, 0x0000000084700000|
|  52|0x0000000084800000, 0x0000000084800000, 0x0000000084900000|  0%| F|  |TS  0|AC  0|TAMS 0x0000000084800000, 0x0000000084800000|
|  53|0x0000000084900000, 0x0000000084900000, 0x0000000084a00000|  0%| F|  |TS  0|AC  0|TAMS 0x0000000084900000, 0x0000000084900000|
|  54|0x0000000084a00000, 0x0000000084a00000, 0x0000000084b00000|  0%| F|  |TS  0|AC  0|TAMS 0x0000000084a00000, 0x0000000084a00000|
|  55|0x0000000084b00000, 0x0000000084b00000, 0x0000000084c00000|  0%| F|  |TS  0|AC  0|TAMS 0x0000000084b00000, 0x0000000084b00000|
|  56|0x0000000084c00000, 0x0000000084c00000, 0x0000000084d00000|  0%| F|  |TS  0|AC  0|TAMS 0x0000000084c00000, 0x0000000084c00000|
|  57|0x0000000084d00000, 0x0000000084d00000, 0x0000000084e00000|  0%| F|  |TS  0|AC  0|TAMS 0x0000000084d00000, 0x0000000084d00000|
|  58|0x0000000084e00000, 0x0000000084e00000, 0x0000000084f00000|  0%| F|  |TS  0|AC  0|TAMS 0x0000000084e00000, 0x0000000084e00000|
|  59|0x0000000084f00000, 0x0000000084f00000, 0x0000000085000000|  0%| F|  |TS  0|AC  0|TAMS 0x0000000084f00000, 0x0000000084f00000|
|  60|0x0000000085000000, 0x0000000085000000, 0x0000000085100000|  0%| F|  |TS  0|AC  0|TAMS 0x0000000085000000, 0x0000000085000000|
|  61|0x0000000085100000, 0x0000000085100000, 0x0000000085200000|  0%| F|  |TS  0|AC  0|TAMS 0x0000000085100000, 0x0000000085100000|
|  62|0x0000000085200000, 0x0000000085200000, 0x0000000085300000|  0%| F|  |TS  0|AC  0|TAMS 0x0000000085200000, 0x0000000085200000|
|  63|0x0000000085300000, 0x0000000085300000, 0x0000000085400000|  0%| F|  |TS  0|AC  0|TAMS 0x0000000085300000, 0x0000000085300000|
|  64|0x0000000085400000, 0x0000000085400000, 0x0000000085500000|  0%| F|  |TS  0|AC  0|TAMS 0x0000000085400000, 0x0000000085400000|
|  65|0x0000000085500000, 0x0000000085500000, 0x0000000085600000|  0%| F|  |TS  0|AC  0|TAMS 0x0000000085500000, 0x0000000085500000|
|  66|0x0000000085600000, 0x0000000085600000, 0x0000000085700000|  0%| F|  |TS  0|AC  0|TAMS 0x0000000085600000, 0x0000000085600000|
|  67|0x0000000085700000, 0x0000000085700000, 0x0000000085800000|  0%| F|  |TS  0|AC  0|TAMS 0x0000000085700000, 0x0000000085700000|
|  68|0x0000000085800000, 0x0000000085800000, 0x0000000085900000|  0%| F|  |TS  0|AC  0|TAMS 0x0000000085800000, 0x0000000085800000|
|  69|0x0000000085900000, 0x0000000085900000, 0x0000000085a00000|  0%| F|  |TS  0|AC  0|TAMS 0x0000000085900000, 0x0000000085900000|
|  70|0x0000000085a00000, 0x0000000085a00000, 0x0000000085b00000|  0%| F|  |TS  0|AC  0|TAMS 0x0000000085a00000, 0x0000000085a00000|
|  71|0x0000000085b00000, 0x0000000085b00000, 0x0000000085c00000|  0%| F|  |TS  0|AC  0|TAMS 0x0000000085b00000, 0x0000000085b00000|
|  72|0x0000000085c00000, 0x0000000085c00000, 0x0000000085d00000|  0%| F|  |TS  0|AC  0|TAMS 0x0000000085c00000, 0x0000000085c00000|
|  73|0x0000000085d00000, 0x0000000085d00000, 0x0000000085e00000|  0%| F|  |TS  0|AC  0|TAMS 0x0000000085d00000, 0x0000000085d00000|
|  74|0x0000000085e00000, 0x0000000085e00000, 0x0000000085f00000|  0%| F|  |TS  0|AC  0|TAMS 0x0000000085e00000, 0x0000000085e00000|
|  75|0x0000000085f00000, 0x0000000085f00000, 0x0000000086000000|  0%| F|  |TS  0|AC  0|TAMS 0x0000000085f00000, 0x0000000085f00000|
|  76|0x0000000086000000, 0x0000000086000000, 0x0000000086100000|  0%| F|  |TS  0|AC  0|TAMS 0x0000000086000000, 0x0000000086000000|
|  77|0x0000000086100000, 0x0000000086100000, 0x0000000086200000|  0%| F|  |TS  0|AC  0|TAMS 0x0000000086100000, 0x0000000086100000|
|  78|0x0000000086200000, 0x0000000086200000, 0x0000000086300000|  0%| F|  |TS  0|AC  0|TAMS 0x0000000086200000, 0x0000000086200000|
|  79|0x0000000086300000, 0x0000000086300000, 0x0000000086400000|  0%| F|  |TS  0|AC  0|TAMS 0x0000000086300000, 0x0000000086300000|
|  80|0x0000000086400000, 0x0000000086400000, 0x0000000086500000|  0%| F|  |TS  0|AC  0|TAMS 0x0000000086400000, 0x0000000086400000|
|  81|0x0000000086500000, 0x0000000086500000, 0x0000000086600000|  0%| F|  |TS  0|AC  0|TAMS 0x0000000086500000, 0x0000000086500000|
|  82|0x0000000086600000, 0x0000000086600000, 0x0000000086700000|  0%| F|  |TS  0|AC  0|TAMS 0x0000000086600000, 0x0000000086600000|
|  83|0x0000000086700000, 0x0000000086700000, 0x0000000086800000|  0%| F|  |TS  0|AC  0|TAMS 0x0000000086700000, 0x0000000086700000|
|  84|0x0000000086800000, 0x0000000086800000, 0x0000000086900000|  0%| F|  |TS  0|AC  0|TAMS 0x0000000086800000, 0x0000000086800000|
|  85|0x0000000086900000, 0x0000000086900000, 0x0000000086a00000|  0%| F|  |TS  0|AC  0|TAMS 0x0000000086900000, 0x0000000086900000|
|  86|0x0000000086a00000, 0x0000000086a00000, 0x0000000086b00000|  0%| F|  |TS  0|AC  0|TAMS 0x0000000086a00000, 0x0000000086a00000|
|  87|0x0000000086b00000, 0x0000000086b00000, 0x0000000086c00000|  0%| F|  |TS  0|AC  0|TAMS 0x0000000086b00000, 0x0000000086b00000|
|  88|0x0000000086c00000, 0x0000000086c00000, 0x0000000086d00000|  0%| F|  |TS  0|AC  0|TAMS 0x0000000086c00000, 0x0000000086c00000|
|  89|0x0000000086d00000, 0x0000000086d00000, 0x0000000086e00000|  0%| F|  |TS  0|AC  0|TAMS 0x0000000086d00000, 0x0000000086d00000|
|  90|0x0000000086e00000, 0x0000000086e00000, 0x0000000086f00000|  0%| F|  |TS  0|AC  0|TAMS 0x0000000086e00000, 0x0000000086e00000|
|  91|0x0000000086f00000, 0x0000000086f00000, 0x0000000087000000|  0%| F|  |TS  0|AC  0|TAMS 0x0000000086f00000, 0x0000000086f00000|
|  92|0x0000000087000000, 0x0000000087000000, 0x0000000087100000|  0%| F|  |TS  0|AC  0|TAMS 0x0000000087000000, 0x0000000087000000|
|  93|0x0000000087100000, 0x0000000087100000, 0x0000000087200000|  0%| F|  |TS  0|AC  0|TAMS 0x0000000087100000, 0x0000000087100000|
|  94|0x0000000087200000, 0x0000000087200000, 0x0000000087300000|  0%| F|  |TS  0|AC  0|TAMS 0x0000000087200000, 0x0000000087200000|
|  95|0x0000000087300000, 0x0000000087300000, 0x0000000087400000|  0%| F|  |TS  0|AC  0|TAMS 0x0000000087300000, 0x0000000087300000|
|  96|0x0000000087400000, 0x0000000087400000, 0x0000000087500000|  0%| F|  |TS  0|AC  0|TAMS 0x0000000087400000, 0x0000000087400000|
|  97|0x0000000087500000, 0x0000000087500000, 0x0000000087600000|  0%| F|  |TS  0|AC  0|TAMS 0x0000000087500000, 0x0000000087500000|
|  98|0x0000000087600000, 0x0000000087600000, 0x0000000087700000|  0%| F|  |TS  0|AC  0|TAMS 0x0000000087600000, 0x0000000087600000|
|  99|0x0000000087700000, 0x0000000087700000, 0x0000000087800000|  0%| F|  |TS  0|AC  0|TAMS 0x0000000087700000, 0x0000000087700000|
| 100|0x0000000087800000, 0x0000000087800000, 0x0000000087900000|  0%| F|  |TS  0|AC  0|TAMS 0x0000000087800000, 0x0000000087800000|
| 101|0x0000000087900000, 0x0000000087900000, 0x0000000087a00000|  0%| F|  |TS  0|AC  0|TAMS 0x0000000087900000, 0x0000000087900000|
| 102|0x0000000087a00000, 0x0000000087a00000, 0x0000000087b00000|  0%| F|  |TS  0|AC  0|TAMS 0x0000000087a00000, 0x0000000087a00000|
| 103|0x0000000087b00000, 0x0000000087b00000, 0x0000000087c00000|  0%| F|  |TS  0|AC  0|TAMS 0x0000000087b00000, 0x0000000087b00000|
| 104|0x0000000087c00000, 0x0000000087c00000, 0x0000000087d00000|  0%| F|  |TS  0|AC  0|TAMS 0x0000000087c00000, 0x0000000087c00000|
| 105|0x0000000087d00000, 0x0000000087d00000, 0x0000000087e00000|  0%| F|  |TS  0|AC  0|TAMS 0x0000000087d00000, 0x0000000087d00000|
| 106|0x0000000087e00000, 0x0000000087e00000, 0x0000000087f00000|  0%| F|  |TS  0|AC  0|TAMS 0x0000000087e00000, 0x0000000087e00000|
| 107|0x0000000087f00000, 0x0000000087f00000, 0x0000000088000000|  0%| F|  |TS  0|AC  0|TAMS 0x0000000087f00000, 0x0000000087f00000|
| 108|0x0000000088000000, 0x0000000088000000, 0x0000000088100000|  0%| F|  |TS  0|AC  0|TAMS 0x0000000088000000, 0x0000000088000000|
| 109|0x0000000088100000, 0x0000000088100000, 0x0000000088200000|  0%| F|  |TS  0|AC  0|TAMS 0x0000000088100000, 0x0000000088100000|
| 110|0x0000000088200000, 0x0000000088200000, 0x0000000088300000|  0%| F|  |TS  0|AC  0|TAMS 0x0000000088200000, 0x0000000088200000|
| 111|0x0000000088300000, 0x0000000088300000, 0x0000000088400000|  0%| F|  |TS  0|AC  0|TAMS 0x0000000088300000, 0x0000000088300000|
| 112|0x0000000088400000, 0x0000000088400000, 0x0000000088500000|  0%| F|  |TS  0|AC  0|TAMS 0x0000000088400000, 0x0000000088400000|
| 113|0x0000000088500000, 0x0000000088500000, 0x0000000088600000|  0%| F|  |TS  0|AC  0|TAMS 0x0000000088500000, 0x0000000088500000|
| 114|0x0000000088600000, 0x0000000088600000, 0x0000000088700000|  0%| F|  |TS  0|AC  0|TAMS 0x0000000088600000, 0x0000000088600000|
| 115|0x0000000088700000, 0x0000000088700000, 0x0000000088800000|  0%| F|  |TS  0|AC  0|TAMS 0x0000000088700000, 0x0000000088700000|
| 116|0x0000000088800000, 0x0000000088800000, 0x0000000088900000|  0%| F|  |TS  0|AC  0|TAMS 0x0000000088800000, 0x0000000088800000|
| 117|0x0000000088900000, 0x0000000088900000, 0x0000000088a00000|  0%| F|  |TS  0|AC  0|TAMS 0x0000000088900000, 0x0000000088900000|
| 118|0x0000000088a00000, 0x0000000088a00000, 0x0000000088b00000|  0%| F|  |TS  0|AC  0|TAMS 0x0000000088a00000, 0x0000000088a00000|
| 119|0x0000000088b00000, 0x0000000088b00000, 0x0000000088c00000|  0%| F|  |TS  0|AC  0|TAMS 0x0000000088b00000, 0x0000000088b00000|
| 120|0x0000000088c00000, 0x0000000088c00000, 0x0000000088d00000|  0%| F|  |TS  0|AC  0|TAMS 0x0000000088c00000, 0x0000000088c00000|
| 121|0x0000000088d00000, 0x0000000088d00000, 0x0000000088e00000|  0%| F|  |TS  0|AC  0|TAMS 0x0000000088d00000, 0x0000000088d00000|
| 122|0x0000000088e00000, 0x0000000088e00000, 0x0000000088f00000|  0%| F|  |TS  0|AC  0|TAMS 0x0000000088e00000, 0x0000000088e00000|
| 123|0x0000000088f00000, 0x0000000088f00000, 0x0000000089000000|  0%| F|  |TS  0|AC  0|TAMS 0x0000000088f00000, 0x0000000088f00000|
| 124|0x0000000089000000, 0x0000000089000000, 0x0000000089100000|  0%| F|  |TS  0|AC  0|TAMS 0x0000000089000000, 0x0000000089000000|
| 125|0x0000000089100000, 0x0000000089100000, 0x0000000089200000|  0%| F|  |TS  0|AC  0|TAMS 0x0000000089100000, 0x0000000089100000|
| 126|0x0000000089200000, 0x0000000089300000, 0x0000000089300000|100%| E|  |TS  0|AC  0|TAMS 0x0000000089200000, 0x0000000089200000|
| 127|0x0000000089300000, 0x0000000089400000, 0x0000000089400000|100%| E|CS|TS  0|AC  0|TAMS 0x0000000089300000, 0x0000000089300000|

Card table byte_map: [0x0000022777ec0000,0x00000227782c0000] byte_map_base: 0x0000022777ab6000

Marking Bits (Prev, Next): (CMBitMap*) 0x000002275bbebef0, (CMBitMap*) 0x000002275bbebf28
 Prev Bits: [0x00000227786c0000, 0x000002277a670000)
 Next Bits: [0x000002277a670000, 0x000002277c620000)

Polling page: 0x0000022759a90000

CodeHeap 'non-profiled nmethods': size=120000Kb used=44Kb max_used=44Kb free=119955Kb
 bounds [0x000002276f720000, 0x000002276f990000, 0x0000022776c50000]
CodeHeap 'profiled nmethods': size=120000Kb used=221Kb max_used=221Kb free=119778Kb
 bounds [0x00000227681f0000, 0x0000022768460000, 0x000002276f720000]
CodeHeap 'non-nmethods': size=5760Kb used=1148Kb max_used=1159Kb free=4611Kb
 bounds [0x0000022767c50000, 0x0000022767ec0000, 0x00000227681f0000]
 total_blobs=487 nmethods=163 adapters=179
 compilation: enabled

Compilation events (10 events):
Event: 0.204 Thread 0x000002277f9b7800  159       3       java.lang.AbstractStringBuilder::append (45 bytes)
Event: 0.205 Thread 0x000002277f9b7800 nmethod 159 0x0000022768224f90 code [0x00000227682251a0, 0x0000022768225980]
Event: 0.205 Thread 0x000002277f9ab000  160       4       java.lang.String::charAt (25 bytes)
Event: 0.206 Thread 0x000002277f9ab000 nmethod 160 0x000002276f72ae10 code [0x000002276f72afc0, 0x000002276f72b128]
Event: 0.206 Thread 0x000002277f9b7800  161       3       java.util.Objects::checkIndex (7 bytes)
Event: 0.207 Thread 0x000002277f9b7800 nmethod 161 0x0000022768225b90 code [0x0000022768225da0, 0x0000022768226470]
Event: 0.207 Thread 0x000002277f9b7800  162       3       jdk.internal.util.Preconditions::checkIndex (18 bytes)
Event: 0.207 Thread 0x000002277f9b7800 nmethod 162 0x0000022768226710 code [0x0000022768226920, 0x0000022768226f90]
Event: 0.207 Thread 0x000002277f9b7800  163       3       java.util.ArrayList::elementData (7 bytes)
Event: 0.207 Thread 0x000002277f9b7800 nmethod 163 0x0000022768227190 code [0x0000022768227340, 0x00000227682274b8]

GC Heap History (0 events):
No events

Deoptimization events (0 events):
No events

Classes redefined (9 events):
Event: 122.448 Thread 0x000002277f948800 redefined class name=main.java.PlayerObjects.BlackjackPlayer, count=1
Event: 122.448 Thread 0x000002277f948800 redefined class name=main.java.PlayerObjects.Dealer, count=1
Event: 269.557 Thread 0x000002277f948800 redefined class name=main.java.GameObjects.BlackjackGame, count=1
Event: 481.924 Thread 0x000002277f948800 redefined class name=main.java.Start, count=1
Event: 508.365 Thread 0x000002277f948800 redefined class name=main.java.Start, count=2
Event: 147789.245 Thread 0x000002277f948800 redefined class name=main.java.GameObjects.BlackjackGame, count=2
Event: 147846.793 Thread 0x000002277f948800 redefined class name=main.java.GameObjects.BlackjackGame, count=3
Event: 148001.594 Thread 0x000002277f948800 redefined class name=main.java.GameObjects.BlackjackGame, count=4
Event: 148354.183 Thread 0x000002277f948800 redefined class name=main.java.GameObjects.BlackjackGame, count=5

Internal exceptions (0 events):
No events

Events (10 events):
Event: 175500.376 Executing VM operation: ChangeBreakpoints done
Event: 175500.705 Executing VM operation: GetFrameCount
Event: 175500.705 Executing VM operation: GetFrameCount done
Event: 175500.706 Executing VM operation: GetFrameCount
Event: 175500.706 Executing VM operation: GetFrameCount done
Event: 175500.706 Executing VM operation: GetFrameLocation
Event: 175500.706 Executing VM operation: GetFrameLocation done
Event: 175500.707 Executing VM operation: GetFrameLocation
Event: 175500.708 Executing VM operation: GetFrameLocation done
Event: 175500.708 Executing VM operation: GetOrSetLocal


Dynamic libraries:
0x00007ff700a00000 - 0x00007ff700a3e000 	C:\Program Files\Java\jdk-9\bin\java.exe
0x00007ffb57ec0000 - 0x00007ffb580a0000 	C:\WINDOWS\SYSTEM32\ntdll.dll
0x00007ffb56d50000 - 0x00007ffb56dfe000 	C:\WINDOWS\System32\KERNEL32.DLL
0x00007ffb54490000 - 0x00007ffb546f6000 	C:\WINDOWS\System32\KERNELBASE.dll
0x00007ffb571f0000 - 0x00007ffb57291000 	C:\WINDOWS\System32\ADVAPI32.dll
0x00007ffb57140000 - 0x00007ffb571dd000 	C:\WINDOWS\System32\msvcrt.dll
0x00007ffb57d20000 - 0x00007ffb57d7b000 	C:\WINDOWS\System32\sechost.dll
0x00007ffb57750000 - 0x00007ffb5786f000 	C:\WINDOWS\System32\RPCRT4.dll
0x00007ffb575c0000 - 0x00007ffb5774f000 	C:\WINDOWS\System32\USER32.dll
0x00007ffb54850000 - 0x00007ffb54870000 	C:\WINDOWS\System32\win32u.dll
0x00007ffb56d20000 - 0x00007ffb56d48000 	C:\WINDOWS\System32\GDI32.dll
0x00007ffb55140000 - 0x00007ffb552d3000 	C:\WINDOWS\System32\gdi32full.dll
0x00007ffb548f0000 - 0x00007ffb5498b000 	C:\WINDOWS\System32\msvcp_win.dll
0x00007ffb54750000 - 0x00007ffb54846000 	C:\WINDOWS\System32\ucrtbase.dll
0x00007ffb4af50000 - 0x00007ffb4b1b9000 	C:\WINDOWS\WinSxS\amd64_microsoft.windows.common-controls_6595b64144ccf1df_6.0.16299.309_none_15cfd4c4935e6b11\COMCTL32.dll
0x00007ffb50420000 - 0x00007ffb5042a000 	C:\WINDOWS\SYSTEM32\VERSION.dll
0x00007ffb569b0000 - 0x00007ffb56cb8000 	C:\WINDOWS\System32\combase.dll
0x00007ffb54870000 - 0x00007ffb548e2000 	C:\WINDOWS\System32\bcryptPrimitives.dll
0x00007ffb572a0000 - 0x00007ffb572cd000 	C:\WINDOWS\System32\IMM32.DLL
0x00007ffb2caa0000 - 0x00007ffb2cb8f000 	C:\Program Files\Java\jdk-9\bin\msvcr120.dll
0x00007ffb2c9f0000 - 0x00007ffb2ca96000 	C:\Program Files\Java\jdk-9\bin\msvcp120.dll
0x00000000719a0000 - 0x00000000723ca000 	C:\Program Files\Java\jdk-9\bin\server\jvm.dll
0x00007ffb569a0000 - 0x00007ffb569a8000 	C:\WINDOWS\System32\PSAPI.DLL
0x00007ffb48620000 - 0x00007ffb48629000 	C:\WINDOWS\SYSTEM32\WSOCK32.dll
0x00007ffb49e60000 - 0x00007ffb49e83000 	C:\WINDOWS\SYSTEM32\WINMM.dll
0x00007ffb56e10000 - 0x00007ffb56e7c000 	C:\WINDOWS\System32\WS2_32.dll
0x00007ffb49ce0000 - 0x00007ffb49d0a000 	C:\WINDOWS\SYSTEM32\WINMMBASE.dll
0x00007ffb54700000 - 0x00007ffb5474a000 	C:\WINDOWS\System32\cfgmgr32.dll
0x00007ffb50360000 - 0x00007ffb5036f000 	C:\Program Files\Java\jdk-9\bin\verify.dll
0x00007ffb43f30000 - 0x00007ffb43f57000 	C:\Program Files\Java\jdk-9\bin\java.dll
0x00007ffb3c3a0000 - 0x00007ffb3c3d6000 	C:\Program Files\Java\jdk-9\bin\jdwp.dll
0x00007ffb4d2c0000 - 0x00007ffb4d2d6000 	C:\Program Files\Java\jdk-9\bin\zip.dll
0x00007ffb4dd30000 - 0x00007ffb4dd3a000 	C:\Program Files\Java\jdk-9\bin\jimage.dll
0x00007ffb55540000 - 0x00007ffb56976000 	C:\WINDOWS\System32\SHELL32.dll
0x00007ffb572d0000 - 0x00007ffb57376000 	C:\WINDOWS\System32\shcore.dll
0x00007ffb54990000 - 0x00007ffb550d7000 	C:\WINDOWS\System32\windows.storage.dll
0x00007ffb56cc0000 - 0x00007ffb56d11000 	C:\WINDOWS\System32\shlwapi.dll
0x00007ffb54280000 - 0x00007ffb54291000 	C:\WINDOWS\System32\kernel.appcore.dll
0x00007ffb54230000 - 0x00007ffb5427c000 	C:\WINDOWS\System32\powrprof.dll
0x00007ffb54210000 - 0x00007ffb5422b000 	C:\WINDOWS\System32\profapi.dll
0x00007ffb44640000 - 0x00007ffb4465a000 	C:\Program Files\Java\jdk-9\bin\net.dll
0x00007ffb50910000 - 0x00007ffb509ee000 	C:\WINDOWS\SYSTEM32\WINHTTP.dll
0x00007ffb53aa0000 - 0x00007ffb53b06000 	C:\WINDOWS\system32\mswsock.dll
0x00007ffb42730000 - 0x00007ffb42741000 	C:\Program Files\Java\jdk-9\bin\nio.dll
0x00007ffb4d2a0000 - 0x00007ffb4d2aa000 	C:\Program Files\Java\jdk-9\bin\dt_socket.dll
0x00007ffb4e250000 - 0x00007ffb4e418000 	C:\WINDOWS\SYSTEM32\dbghelp.dll

VM Arguments:
jvm_args: -agentlib:jdwp=transport=dt_socket,address=127.0.0.1:63858,suspend=y,server=n -Dfile.encoding=UTF-8 
java_command: main.java.Start
java_class_path (initial): C:\Users\Dean\production\GrammaticalBlackjack;C:\Users\Dean\Documents\ecj\jar\ecj.25.jar;C:\Program Files\JetBrains\IntelliJ IDEA 2017.2.5\lib\idea_rt.jar
Launcher Type: SUN_STANDARD

Logging:
Log output configuration:
#0: stdout all=warning uptime,level,tags
#1: stderr all=off uptime,level,tags

Environment Variables:
JAVA_HOME=C:\Program Files\Java\jdk1.8.0_77
PATH=c:\programdata\oracle\java\javapath;c:\program files (x86)\intel\icls client\;c:\program files\intel\icls client\;c:\windows\system32;c:\windows;c:\windows\system32\wbem;c:\windows\system32\windowspowershell\v1.0\;c:\program files\intel\intel(r) management engine components\dal;c:\program files\intel\intel(r) management engine components\ipt;c:\program files (x86)\intel\intel(r) management engine components\dal;c:\program files (x86)\intel\intel(r) management engine components\ipt;c:\program files (x86)\windows live\shared;c:\program files (x86)\quicktime\qtsystem\;C:\Program Files (x86)\NVIDIA Corporation\PhysX\Common;C:\Android;C:\Windows\System32;C:\Program Files (x86)\Skype\Phone\;C:\WINDOWS\system32;C:\WINDOWS;C:\WINDOWS\System32\Wbem;C:\WINDOWS\System32\WindowsPowerShell\v1.0\;C:\Ruby24\bin;C:\Program Files (x86)\GtkSharp\2.12\bin;C:\Ruby24\bin;%USERPROFILE%\AppData\Local\Microsoft\WindowsApps;
USERNAME=Dean
OS=Windows_NT
PROCESSOR_IDENTIFIER=Intel64 Family 6 Model 60 Stepping 3, GenuineIntel



---------------  S Y S T E M  ---------------

OS: Windows 10 , 64 bit Build 16299 (10.0.16299.15)

CPU:total 8 (initial active 8) (4 cores per cpu, 2 threads per core) family 6 model 60 stepping 3, cmov, cx8, fxsr, mmx, sse, sse2, sse3, ssse3, sse4.1, sse4.2, popcnt, avx, avx2, aes, clmul, erms, lzcnt, ht, tsc, tscinvbit, bmi1, bmi2, fma

Memory: 4k page, physical 8305356k(1353220k free), swap 18266828k(5503344k free)

vm_info: Java HotSpot(TM) 64-Bit Server VM (9+181) for windows-amd64 JRE (9+181), built on Aug  2 2017 21:30:51 by "javare" with MS VC++ 12.0 (VS2013)

END.
