#
# A fatal error has been detected by the Java Runtime Environment:
#
#  EXCEPTION_ACCESS_VIOLATION (0xc0000005) at pc=0x0000000071ccc160, pid=11224, tid=10012
#
# JRE version: Java(TM) SE Runtime Environment (9.0+181) (build 9+181)
# Java VM: Java HotSpot(TM) 64-Bit Server VM (9+181, mixed mode, tiered, compressed oops, g1 gc, windows-amd64)
# Problematic frame:
# V  [jvm.dll+0x32c160]
#
# No core dump will be written. Minidumps are not enabled by default on client versions of Windows
#
# If you would like to submit a bug report, please visit:
#   http://bugreport.java.com/bugreport/crash.jsp
#

---------------  S U M M A R Y ------------

Command Line: -agentlib:jdwp=transport=dt_socket,address=127.0.0.1:63770,suspend=y,server=n -Dfile.encoding=UTF-8 main.java.Start

Host: Intel(R) Core(TM) i7-4810MQ CPU @ 2.80GHz, 8 cores, 7G,  Windows 10 , 64 bit Build 16299 (10.0.16299.15)
Time: Sat Mar 31 22:45:58 2018 GMT Daylight Time elapsed time: 148097 seconds (1d 17h 8m 17s)

---------------  T H R E A D  ---------------

Current thread (0x000002023b962000):  VMThread "VM Thread" [stack: 0x0000002481400000,0x0000002481500000] [id=10012]

Stack: [0x0000002481400000,0x0000002481500000],  sp=0x00000024814fecc0,  free space=1019k
Native frames: (J=compiled Java code, j=interpreted, Vv=VM code, C=native code)
V  [jvm.dll+0x32c160]
V  [jvm.dll+0x327b08]
V  [jvm.dll+0x3423ef]
V  [jvm.dll+0x34560d]
V  [jvm.dll+0x296d00]
V  [jvm.dll+0x296df9]
V  [jvm.dll+0x2f8a21]
V  [jvm.dll+0x2f4dfa]
V  [jvm.dll+0x2f40b9]
V  [jvm.dll+0x2f3523]
V  [jvm.dll+0x5784cf]
V  [jvm.dll+0x5787dc]
V  [jvm.dll+0x578683]
V  [jvm.dll+0x578e7c]
V  [jvm.dll+0x54730a]
V  [jvm.dll+0x465551]
V  [jvm.dll+0x6a356b]
V  [jvm.dll+0x6a1d05]
V  [jvm.dll+0x6a24e1]
V  [jvm.dll+0x6a27cc]
V  [jvm.dll+0x586530]
C  [msvcr120.dll+0x24f7f]
C  [msvcr120.dll+0x25126]
C  [KERNEL32.DLL+0x11fe4]
C  [ntdll.dll+0x6efc1]


siginfo: EXCEPTION_ACCESS_VIOLATION (0xc0000005), reading address 0xffffffffffffffff


Register to memory mapping:

RIP=0x0000000071ccc160 jvm.dll
RAX=0x0000ac0b00b61f01 is an unknown value
RBX=0x000002023b962000 is an unknown value
RCX=0x00000001000016d0 is pointing into metadata
RDX=0x0000ac0b00b61f01 is an unknown value
RSP=0x00000024814fecc0 is an unknown value
RBP=0x0000000000000003 is an unknown value
RSI=0x00000024814fed80 is an unknown value
RDI=0x0000000000000000 is an unknown value
R8 =0x000002023b962000 is an unknown value
R9 =0x0000ac0b00b61f01 is an unknown value
R10=0x0000000000000072 is an unknown value
R11=0x0000000000000072 is an unknown value
R12=0x00000024814ff570 is an unknown value
R13=0x00000000000003d8 is an unknown value
R14=0x0000000000000057 is an unknown value
R15=0x0000000000000001 is an unknown value


Registers:
RAX=0x0000ac0b00b61f01, RBX=0x000002023b962000, RCX=0x00000001000016d0, RDX=0x0000ac0b00b61f01
RSP=0x00000024814fecc0, RBP=0x0000000000000003, RSI=0x00000024814fed80, RDI=0x0000000000000000
R8 =0x000002023b962000, R9 =0x0000ac0b00b61f01, R10=0x0000000000000072, R11=0x0000000000000072
R12=0x00000024814ff570, R13=0x00000000000003d8, R14=0x0000000000000057, R15=0x0000000000000001
RIP=0x0000000071ccc160, EFLAGS=0x0000000000010246

Top of Stack: (sp=0x00000024814fecc0)
0x00000024814fecc0:   00000001000016d0 0000000000000000
0x00000024814fecd0:   000000007213efc8 000002023b962000
0x00000024814fece0:   0000000000000000 0000000071cc7b08
0x00000024814fecf0:   00000001000016d0 000002023b962000
0x00000024814fed00:   00000024814fed80 000002023b962000
0x00000024814fed10:   00000024814fedf0 0000000071ce23ef
0x00000024814fed20:   000002023b962000 0000000071f9fe1c
0x00000024814fed30:   00000024814fed90 00000024814ff340
0x00000024814fed40:   0000000000000000 000002023b861010
0x00000024814fed50:   00000024814fedf0 0000000071ce560d
0x00000024814fed60:   0000000000000000 00000024814fef50
0x00000024814fed70:   0000000000000057 0000000071f190e6
0x00000024814fed80:   2fffffff00000000 0000000000000000
0x00000024814fed90:   000002023b962000 00000024814fef50
0x00000024814feda0:   0000000000000000 0000000071c36d00
0x00000024814fedb0:   00000024814fef40 0000020200000001 

Instructions: (pc=0x0000000071ccc160)
0x0000000071ccc140:   8b d8 e8 f9 84 d8 ff 48 83 7b 08 00 4c 8b c8 74
0x0000000071ccc150:   04 33 ff eb 23 80 3d b9 08 63 00 00 74 05 33 ff
0x0000000071ccc160:   89 78 0c 48 8d 4d fe 48 8d 78 10 48 85 c9 74 05
0x0000000071ccc170:   33 c0 f3 48 ab 49 8b f9 48 83 7b 08 00 48 8b 74 


VM_Operation (0x00000024820ff290): GetOrSetLocal, mode: safepoint, requested by thread 0x000002023bdb2000


---------------  P R O C E S S  ---------------

Java Threads: ( => current thread )
  0x000002023bdcf000 JavaThread "Service Thread" daemon [_thread_blocked, id=16288, stack(0x0000002482300000,0x0000002482400000)]
  0x000002023bda0000 JavaThread "JDWP Command Reader" daemon [_thread_in_native, id=14852, stack(0x0000002482200000,0x0000002482300000)]
  0x000002023bdb7800 JavaThread "JDWP Event Helper Thread" daemon [_thread_blocked, id=9992, stack(0x0000002482100000,0x0000002482200000)]
  0x000002023bdb2000 JavaThread "JDWP Transport Listener: dt_socket" daemon [_thread_blocked, id=15400, stack(0x0000002482000000,0x0000002482100000)]
  0x000002023ba5c000 JavaThread "Common-Cleaner" daemon [_thread_blocked, id=596, stack(0x0000002481f00000,0x0000002482000000)]
  0x000002023b9e6000 JavaThread "Sweeper thread" daemon [_thread_blocked, id=13388, stack(0x0000002481e00000,0x0000002481f00000)]
  0x000002023b9ca800 JavaThread "C1 CompilerThread3" daemon [_thread_blocked, id=6976, stack(0x0000002481d00000,0x0000002481e00000)]
  0x000002023b9cf800 JavaThread "C2 CompilerThread2" daemon [_thread_blocked, id=6204, stack(0x0000002481c00000,0x0000002481d00000)]
  0x000002023b9ce800 JavaThread "C2 CompilerThread1" daemon [_thread_blocked, id=13276, stack(0x0000002481b00000,0x0000002481c00000)]
  0x000002023b9ca000 JavaThread "C2 CompilerThread0" daemon [_thread_blocked, id=4644, stack(0x0000002481a00000,0x0000002481b00000)]
  0x000002023b9c1000 JavaThread "Attach Listener" daemon [_thread_blocked, id=6804, stack(0x0000002481900000,0x0000002481a00000)]
  0x000002023b9c0800 JavaThread "Signal Dispatcher" daemon [_thread_blocked, id=7432, stack(0x0000002481800000,0x0000002481900000)]
  0x000002023b978800 JavaThread "Finalizer" daemon [_thread_blocked, id=12724, stack(0x0000002481600000,0x0000002481700000)]
  0x000002023b977000 JavaThread "Reference Handler" daemon [_thread_blocked, id=4856, stack(0x0000002481500000,0x0000002481600000)]
  0x0000020217d0f000 JavaThread "main" [_thread_blocked, id=12640, stack(0x00000024fff00000,0x0000002500000000)]

Other Threads:
=>0x000002023b962000 VMThread "VM Thread" [stack: 0x0000002481400000,0x0000002481500000] [id=10012]
  0x000002023bdd1000 WatcherThread [stack: 0x0000002482400000,0x0000002482500000] [id=14708]
  0x0000020217d26800 GCTaskThread "GC Thread#0" [stack: 0x0000002480000000,0x0000002480100000] [id=11508]
  0x0000020217d28000 GCTaskThread "GC Thread#1" [stack: 0x0000002480100000,0x0000002480200000] [id=14624]
  0x0000020217d29800 GCTaskThread "GC Thread#2" [stack: 0x0000002480200000,0x0000002480300000] [id=15044]
  0x0000020217d2d000 GCTaskThread "GC Thread#3" [stack: 0x0000002480300000,0x0000002480400000] [id=16076]
  0x0000020217d34000 GCTaskThread "GC Thread#4" [stack: 0x0000002480400000,0x0000002480500000] [id=2504]
  0x0000020217d43000 GCTaskThread "GC Thread#5" [stack: 0x0000002480500000,0x0000002480600000] [id=532]
  0x0000020217d3e000 GCTaskThread "GC Thread#6" [stack: 0x0000002480600000,0x0000002480700000] [id=16312]
  0x0000020217d3d000 GCTaskThread "GC Thread#7" [stack: 0x0000002480700000,0x0000002480800000] [id=6640]
  0x0000020217d97000 ConcurrentGCThread "G1 Main Marker" [stack: 0x0000002481100000,0x0000002481200000] [id=8620]
  0x0000020217d3e800 ConcurrentGCThread "G1 Marker#0" [stack: 0x0000002481200000,0x0000002481300000] [id=14948]
  0x0000020217d3f000 ConcurrentGCThread "G1 Marker#1" [stack: 0x0000002481300000,0x0000002481400000] [id=9920]
  0x0000020217d5e000 ConcurrentGCThread "G1 Refine#0" [stack: 0x0000002480f00000,0x0000002481000000] [id=12836]
  0x0000020217d5d800 ConcurrentGCThread "G1 Refine#1" [stack: 0x0000002480e00000,0x0000002480f00000] [id=1936]
  0x0000020217d5b800 ConcurrentGCThread "G1 Refine#2" [stack: 0x0000002480d00000,0x0000002480e00000] [id=5504]
  0x0000020217d4f800 ConcurrentGCThread "G1 Refine#3" [stack: 0x0000002480c00000,0x0000002480d00000] [id=8672]
  0x0000020217d4e000 ConcurrentGCThread "G1 Refine#4" [stack: 0x0000002480b00000,0x0000002480c00000] [id=2156]
  0x0000020217d4b000 ConcurrentGCThread "G1 Refine#5" [stack: 0x0000002480a00000,0x0000002480b00000] [id=12516]
  0x0000020217d4a000 ConcurrentGCThread "G1 Refine#6" [stack: 0x0000002480900000,0x0000002480a00000] [id=8812]
  0x0000020217d49000 ConcurrentGCThread "G1 Refine#7" [stack: 0x0000002480800000,0x0000002480900000] [id=14512]
  0x0000020217d67000 ConcurrentGCThread "G1 Young RemSet Sampling" [stack: 0x0000002481000000,0x0000002481100000] [id=6280]

Threads with active compile tasks:

VM state:at safepoint (normal execution)

VM Mutex/Monitor currently owned by a thread:  ([mutex/lock_event])
[0x0000020217d0ce50] Threads_lock - owner thread: 0x000002023b962000

Heap address: 0x0000000081400000, size: 2028 MB, Compressed Oops mode: 32-bit
Narrow klass base: 0x0000000000000000, Narrow klass shift: 3
Compressed class space size: 1073741824 Address: 0x0000000100000000

Heap:
 garbage-first heap   total 131072K, used 2048K [0x0000000081400000, 0x0000000081500400, 0x0000000100000000)
  region size 1024K, 3 young (3072K), 0 survivors (0K)
 Metaspace       used 4300K, capacity 4664K, committed 4864K, reserved 1056768K
  class space    used 382K, capacity 424K, committed 512K, reserved 1048576K
Heap Regions: E=young(eden), S=young(survivor), O=old, HS=humongous(starts), HC=humongous(continues), CS=collection set, F=free, A=archive, TS=gc time stamp, AC=allocation context, TAMS=top-at-mark-start (previous, next)
|   0|0x0000000081400000, 0x0000000081400000, 0x0000000081500000|  0%| F|  |TS  0|AC  0|TAMS 0x0000000081400000, 0x0000000081400000|
|   1|0x0000000081500000, 0x0000000081500000, 0x0000000081600000|  0%| F|  |TS  0|AC  0|TAMS 0x0000000081500000, 0x0000000081500000|
|   2|0x0000000081600000, 0x0000000081600000, 0x0000000081700000|  0%| F|  |TS  0|AC  0|TAMS 0x0000000081600000, 0x0000000081600000|
|   3|0x0000000081700000, 0x0000000081700000, 0x0000000081800000|  0%| F|  |TS  0|AC  0|TAMS 0x0000000081700000, 0x0000000081700000|
|   4|0x0000000081800000, 0x0000000081800000, 0x0000000081900000|  0%| F|  |TS  0|AC  0|TAMS 0x0000000081800000, 0x0000000081800000|
|   5|0x0000000081900000, 0x0000000081900000, 0x0000000081a00000|  0%| F|  |TS  0|AC  0|TAMS 0x0000000081900000, 0x0000000081900000|
|   6|0x0000000081a00000, 0x0000000081a00000, 0x0000000081b00000|  0%| F|  |TS  0|AC  0|TAMS 0x0000000081a00000, 0x0000000081a00000|
|   7|0x0000000081b00000, 0x0000000081b00000, 0x0000000081c00000|  0%| F|  |TS  0|AC  0|TAMS 0x0000000081b00000, 0x0000000081b00000|
|   8|0x0000000081c00000, 0x0000000081c00000, 0x0000000081d00000|  0%| F|  |TS  0|AC  0|TAMS 0x0000000081c00000, 0x0000000081c00000|
|   9|0x0000000081d00000, 0x0000000081d00000, 0x0000000081e00000|  0%| F|  |TS  0|AC  0|TAMS 0x0000000081d00000, 0x0000000081d00000|
|  10|0x0000000081e00000, 0x0000000081e00000, 0x0000000081f00000|  0%| F|  |TS  0|AC  0|TAMS 0x0000000081e00000, 0x0000000081e00000|
|  11|0x0000000081f00000, 0x0000000081f00000, 0x0000000082000000|  0%| F|  |TS  0|AC  0|TAMS 0x0000000081f00000, 0x0000000081f00000|
|  12|0x0000000082000000, 0x0000000082000000, 0x0000000082100000|  0%| F|  |TS  0|AC  0|TAMS 0x0000000082000000, 0x0000000082000000|
|  13|0x0000000082100000, 0x0000000082100000, 0x0000000082200000|  0%| F|  |TS  0|AC  0|TAMS 0x0000000082100000, 0x0000000082100000|
|  14|0x0000000082200000, 0x0000000082200000, 0x0000000082300000|  0%| F|  |TS  0|AC  0|TAMS 0x0000000082200000, 0x0000000082200000|
|  15|0x0000000082300000, 0x0000000082300000, 0x0000000082400000|  0%| F|  |TS  0|AC  0|TAMS 0x0000000082300000, 0x0000000082300000|
|  16|0x0000000082400000, 0x0000000082400000, 0x0000000082500000|  0%| F|  |TS  0|AC  0|TAMS 0x0000000082400000, 0x0000000082400000|
|  17|0x0000000082500000, 0x0000000082500000, 0x0000000082600000|  0%| F|  |TS  0|AC  0|TAMS 0x0000000082500000, 0x0000000082500000|
|  18|0x0000000082600000, 0x0000000082600000, 0x0000000082700000|  0%| F|  |TS  0|AC  0|TAMS 0x0000000082600000, 0x0000000082600000|
|  19|0x0000000082700000, 0x0000000082700000, 0x0000000082800000|  0%| F|  |TS  0|AC  0|TAMS 0x0000000082700000, 0x0000000082700000|
|  20|0x0000000082800000, 0x0000000082800000, 0x0000000082900000|  0%| F|  |TS  0|AC  0|TAMS 0x0000000082800000, 0x0000000082800000|
|  21|0x0000000082900000, 0x0000000082900000, 0x0000000082a00000|  0%| F|  |TS  0|AC  0|TAMS 0x0000000082900000, 0x0000000082900000|
|  22|0x0000000082a00000, 0x0000000082a00000, 0x0000000082b00000|  0%| F|  |TS  0|AC  0|TAMS 0x0000000082a00000, 0x0000000082a00000|
|  23|0x0000000082b00000, 0x0000000082b00000, 0x0000000082c00000|  0%| F|  |TS  0|AC  0|TAMS 0x0000000082b00000, 0x0000000082b00000|
|  24|0x0000000082c00000, 0x0000000082c00000, 0x0000000082d00000|  0%| F|  |TS  0|AC  0|TAMS 0x0000000082c00000, 0x0000000082c00000|
|  25|0x0000000082d00000, 0x0000000082d00000, 0x0000000082e00000|  0%| F|  |TS  0|AC  0|TAMS 0x0000000082d00000, 0x0000000082d00000|
|  26|0x0000000082e00000, 0x0000000082e00000, 0x0000000082f00000|  0%| F|  |TS  0|AC  0|TAMS 0x0000000082e00000, 0x0000000082e00000|
|  27|0x0000000082f00000, 0x0000000082f00000, 0x0000000083000000|  0%| F|  |TS  0|AC  0|TAMS 0x0000000082f00000, 0x0000000082f00000|
|  28|0x0000000083000000, 0x0000000083000000, 0x0000000083100000|  0%| F|  |TS  0|AC  0|TAMS 0x0000000083000000, 0x0000000083000000|
|  29|0x0000000083100000, 0x0000000083100000, 0x0000000083200000|  0%| F|  |TS  0|AC  0|TAMS 0x0000000083100000, 0x0000000083100000|
|  30|0x0000000083200000, 0x0000000083200000, 0x0000000083300000|  0%| F|  |TS  0|AC  0|TAMS 0x0000000083200000, 0x0000000083200000|
|  31|0x0000000083300000, 0x0000000083300000, 0x0000000083400000|  0%| F|  |TS  0|AC  0|TAMS 0x0000000083300000, 0x0000000083300000|
|  32|0x0000000083400000, 0x0000000083400000, 0x0000000083500000|  0%| F|  |TS  0|AC  0|TAMS 0x0000000083400000, 0x0000000083400000|
|  33|0x0000000083500000, 0x0000000083500000, 0x0000000083600000|  0%| F|  |TS  0|AC  0|TAMS 0x0000000083500000, 0x0000000083500000|
|  34|0x0000000083600000, 0x0000000083600000, 0x0000000083700000|  0%| F|  |TS  0|AC  0|TAMS 0x0000000083600000, 0x0000000083600000|
|  35|0x0000000083700000, 0x0000000083700000, 0x0000000083800000|  0%| F|  |TS  0|AC  0|TAMS 0x0000000083700000, 0x0000000083700000|
|  36|0x0000000083800000, 0x0000000083800000, 0x0000000083900000|  0%| F|  |TS  0|AC  0|TAMS 0x0000000083800000, 0x0000000083800000|
|  37|0x0000000083900000, 0x0000000083900000, 0x0000000083a00000|  0%| F|  |TS  0|AC  0|TAMS 0x0000000083900000, 0x0000000083900000|
|  38|0x0000000083a00000, 0x0000000083a00000, 0x0000000083b00000|  0%| F|  |TS  0|AC  0|TAMS 0x0000000083a00000, 0x0000000083a00000|
|  39|0x0000000083b00000, 0x0000000083b00000, 0x0000000083c00000|  0%| F|  |TS  0|AC  0|TAMS 0x0000000083b00000, 0x0000000083b00000|
|  40|0x0000000083c00000, 0x0000000083c00000, 0x0000000083d00000|  0%| F|  |TS  0|AC  0|TAMS 0x0000000083c00000, 0x0000000083c00000|
|  41|0x0000000083d00000, 0x0000000083d00000, 0x0000000083e00000|  0%| F|  |TS  0|AC  0|TAMS 0x0000000083d00000, 0x0000000083d00000|
|  42|0x0000000083e00000, 0x0000000083e00000, 0x0000000083f00000|  0%| F|  |TS  0|AC  0|TAMS 0x0000000083e00000, 0x0000000083e00000|
|  43|0x0000000083f00000, 0x0000000083f00000, 0x0000000084000000|  0%| F|  |TS  0|AC  0|TAMS 0x0000000083f00000, 0x0000000083f00000|
|  44|0x0000000084000000, 0x0000000084000000, 0x0000000084100000|  0%| F|  |TS  0|AC  0|TAMS 0x0000000084000000, 0x0000000084000000|
|  45|0x0000000084100000, 0x0000000084100000, 0x0000000084200000|  0%| F|  |TS  0|AC  0|TAMS 0x0000000084100000, 0x0000000084100000|
|  46|0x0000000084200000, 0x0000000084200000, 0x0000000084300000|  0%| F|  |TS  0|AC  0|TAMS 0x0000000084200000, 0x0000000084200000|
|  47|0x0000000084300000, 0x0000000084300000, 0x0000000084400000|  0%| F|  |TS  0|AC  0|TAMS 0x0000000084300000, 0x0000000084300000|
|  48|0x0000000084400000, 0x0000000084400000, 0x0000000084500000|  0%| F|  |TS  0|AC  0|TAMS 0x0000000084400000, 0x0000000084400000|
|  49|0x0000000084500000, 0x0000000084500000, 0x0000000084600000|  0%| F|  |TS  0|AC  0|TAMS 0x0000000084500000, 0x0000000084500000|
|  50|0x0000000084600000, 0x0000000084600000, 0x0000000084700000|  0%| F|  |TS  0|AC  0|TAMS 0x0000000084600000, 0x0000000084600000|
|  51|0x0000000084700000, 0x0000000084700000, 0x0000000084800000|  0%| F|  |TS  0|AC  0|TAMS 0x0000000084700000, 0x0000000084700000|
|  52|0x0000000084800000, 0x0000000084800000, 0x0000000084900000|  0%| F|  |TS  0|AC  0|TAMS 0x0000000084800000, 0x0000000084800000|
|  53|0x0000000084900000, 0x0000000084900000, 0x0000000084a00000|  0%| F|  |TS  0|AC  0|TAMS 0x0000000084900000, 0x0000000084900000|
|  54|0x0000000084a00000, 0x0000000084a00000, 0x0000000084b00000|  0%| F|  |TS  0|AC  0|TAMS 0x0000000084a00000, 0x0000000084a00000|
|  55|0x0000000084b00000, 0x0000000084b00000, 0x0000000084c00000|  0%| F|  |TS  0|AC  0|TAMS 0x0000000084b00000, 0x0000000084b00000|
|  56|0x0000000084c00000, 0x0000000084c00000, 0x0000000084d00000|  0%| F|  |TS  0|AC  0|TAMS 0x0000000084c00000, 0x0000000084c00000|
|  57|0x0000000084d00000, 0x0000000084d00000, 0x0000000084e00000|  0%| F|  |TS  0|AC  0|TAMS 0x0000000084d00000, 0x0000000084d00000|
|  58|0x0000000084e00000, 0x0000000084e00000, 0x0000000084f00000|  0%| F|  |TS  0|AC  0|TAMS 0x0000000084e00000, 0x0000000084e00000|
|  59|0x0000000084f00000, 0x0000000084f00000, 0x0000000085000000|  0%| F|  |TS  0|AC  0|TAMS 0x0000000084f00000, 0x0000000084f00000|
|  60|0x0000000085000000, 0x0000000085000000, 0x0000000085100000|  0%| F|  |TS  0|AC  0|TAMS 0x0000000085000000, 0x0000000085000000|
|  61|0x0000000085100000, 0x0000000085100000, 0x0000000085200000|  0%| F|  |TS  0|AC  0|TAMS 0x0000000085100000, 0x0000000085100000|
|  62|0x0000000085200000, 0x0000000085200000, 0x0000000085300000|  0%| F|  |TS  0|AC  0|TAMS 0x0000000085200000, 0x0000000085200000|
|  63|0x0000000085300000, 0x0000000085300000, 0x0000000085400000|  0%| F|  |TS  0|AC  0|TAMS 0x0000000085300000, 0x0000000085300000|
|  64|0x0000000085400000, 0x0000000085400000, 0x0000000085500000|  0%| F|  |TS  0|AC  0|TAMS 0x0000000085400000, 0x0000000085400000|
|  65|0x0000000085500000, 0x0000000085500000, 0x0000000085600000|  0%| F|  |TS  0|AC  0|TAMS 0x0000000085500000, 0x0000000085500000|
|  66|0x0000000085600000, 0x0000000085600000, 0x0000000085700000|  0%| F|  |TS  0|AC  0|TAMS 0x0000000085600000, 0x0000000085600000|
|  67|0x0000000085700000, 0x0000000085700000, 0x0000000085800000|  0%| F|  |TS  0|AC  0|TAMS 0x0000000085700000, 0x0000000085700000|
|  68|0x0000000085800000, 0x0000000085800000, 0x0000000085900000|  0%| F|  |TS  0|AC  0|TAMS 0x0000000085800000, 0x0000000085800000|
|  69|0x0000000085900000, 0x0000000085900000, 0x0000000085a00000|  0%| F|  |TS  0|AC  0|TAMS 0x0000000085900000, 0x0000000085900000|
|  70|0x0000000085a00000, 0x0000000085a00000, 0x0000000085b00000|  0%| F|  |TS  0|AC  0|TAMS 0x0000000085a00000, 0x0000000085a00000|
|  71|0x0000000085b00000, 0x0000000085b00000, 0x0000000085c00000|  0%| F|  |TS  0|AC  0|TAMS 0x0000000085b00000, 0x0000000085b00000|
|  72|0x0000000085c00000, 0x0000000085c00000, 0x0000000085d00000|  0%| F|  |TS  0|AC  0|TAMS 0x0000000085c00000, 0x0000000085c00000|
|  73|0x0000000085d00000, 0x0000000085d00000, 0x0000000085e00000|  0%| F|  |TS  0|AC  0|TAMS 0x0000000085d00000, 0x0000000085d00000|
|  74|0x0000000085e00000, 0x0000000085e00000, 0x0000000085f00000|  0%| F|  |TS  0|AC  0|TAMS 0x0000000085e00000, 0x0000000085e00000|
|  75|0x0000000085f00000, 0x0000000085f00000, 0x0000000086000000|  0%| F|  |TS  0|AC  0|TAMS 0x0000000085f00000, 0x0000000085f00000|
|  76|0x0000000086000000, 0x0000000086000000, 0x0000000086100000|  0%| F|  |TS  0|AC  0|TAMS 0x0000000086000000, 0x0000000086000000|
|  77|0x0000000086100000, 0x0000000086100000, 0x0000000086200000|  0%| F|  |TS  0|AC  0|TAMS 0x0000000086100000, 0x0000000086100000|
|  78|0x0000000086200000, 0x0000000086200000, 0x0000000086300000|  0%| F|  |TS  0|AC  0|TAMS 0x0000000086200000, 0x0000000086200000|
|  79|0x0000000086300000, 0x0000000086300000, 0x0000000086400000|  0%| F|  |TS  0|AC  0|TAMS 0x0000000086300000, 0x0000000086300000|
|  80|0x0000000086400000, 0x0000000086400000, 0x0000000086500000|  0%| F|  |TS  0|AC  0|TAMS 0x0000000086400000, 0x0000000086400000|
|  81|0x0000000086500000, 0x0000000086500000, 0x0000000086600000|  0%| F|  |TS  0|AC  0|TAMS 0x0000000086500000, 0x0000000086500000|
|  82|0x0000000086600000, 0x0000000086600000, 0x0000000086700000|  0%| F|  |TS  0|AC  0|TAMS 0x0000000086600000, 0x0000000086600000|
|  83|0x0000000086700000, 0x0000000086700000, 0x0000000086800000|  0%| F|  |TS  0|AC  0|TAMS 0x0000000086700000, 0x0000000086700000|
|  84|0x0000000086800000, 0x0000000086800000, 0x0000000086900000|  0%| F|  |TS  0|AC  0|TAMS 0x0000000086800000, 0x0000000086800000|
|  85|0x0000000086900000, 0x0000000086900000, 0x0000000086a00000|  0%| F|  |TS  0|AC  0|TAMS 0x0000000086900000, 0x0000000086900000|
|  86|0x0000000086a00000, 0x0000000086a00000, 0x0000000086b00000|  0%| F|  |TS  0|AC  0|TAMS 0x0000000086a00000, 0x0000000086a00000|
|  87|0x0000000086b00000, 0x0000000086b00000, 0x0000000086c00000|  0%| F|  |TS  0|AC  0|TAMS 0x0000000086b00000, 0x0000000086b00000|
|  88|0x0000000086c00000, 0x0000000086c00000, 0x0000000086d00000|  0%| F|  |TS  0|AC  0|TAMS 0x0000000086c00000, 0x0000000086c00000|
|  89|0x0000000086d00000, 0x0000000086d00000, 0x0000000086e00000|  0%| F|  |TS  0|AC  0|TAMS 0x0000000086d00000, 0x0000000086d00000|
|  90|0x0000000086e00000, 0x0000000086e00000, 0x0000000086f00000|  0%| F|  |TS  0|AC  0|TAMS 0x0000000086e00000, 0x0000000086e00000|
|  91|0x0000000086f00000, 0x0000000086f00000, 0x0000000087000000|  0%| F|  |TS  0|AC  0|TAMS 0x0000000086f00000, 0x0000000086f00000|
|  92|0x0000000087000000, 0x0000000087000000, 0x0000000087100000|  0%| F|  |TS  0|AC  0|TAMS 0x0000000087000000, 0x0000000087000000|
|  93|0x0000000087100000, 0x0000000087100000, 0x0000000087200000|  0%| F|  |TS  0|AC  0|TAMS 0x0000000087100000, 0x0000000087100000|
|  94|0x0000000087200000, 0x0000000087200000, 0x0000000087300000|  0%| F|  |TS  0|AC  0|TAMS 0x0000000087200000, 0x0000000087200000|
|  95|0x0000000087300000, 0x0000000087300000, 0x0000000087400000|  0%| F|  |TS  0|AC  0|TAMS 0x0000000087300000, 0x0000000087300000|
|  96|0x0000000087400000, 0x0000000087400000, 0x0000000087500000|  0%| F|  |TS  0|AC  0|TAMS 0x0000000087400000, 0x0000000087400000|
|  97|0x0000000087500000, 0x0000000087500000, 0x0000000087600000|  0%| F|  |TS  0|AC  0|TAMS 0x0000000087500000, 0x0000000087500000|
|  98|0x0000000087600000, 0x0000000087600000, 0x0000000087700000|  0%| F|  |TS  0|AC  0|TAMS 0x0000000087600000, 0x0000000087600000|
|  99|0x0000000087700000, 0x0000000087700000, 0x0000000087800000|  0%| F|  |TS  0|AC  0|TAMS 0x0000000087700000, 0x0000000087700000|
| 100|0x0000000087800000, 0x0000000087800000, 0x0000000087900000|  0%| F|  |TS  0|AC  0|TAMS 0x0000000087800000, 0x0000000087800000|
| 101|0x0000000087900000, 0x0000000087900000, 0x0000000087a00000|  0%| F|  |TS  0|AC  0|TAMS 0x0000000087900000, 0x0000000087900000|
| 102|0x0000000087a00000, 0x0000000087a00000, 0x0000000087b00000|  0%| F|  |TS  0|AC  0|TAMS 0x0000000087a00000, 0x0000000087a00000|
| 103|0x0000000087b00000, 0x0000000087b00000, 0x0000000087c00000|  0%| F|  |TS  0|AC  0|TAMS 0x0000000087b00000, 0x0000000087b00000|
| 104|0x0000000087c00000, 0x0000000087c00000, 0x0000000087d00000|  0%| F|  |TS  0|AC  0|TAMS 0x0000000087c00000, 0x0000000087c00000|
| 105|0x0000000087d00000, 0x0000000087d00000, 0x0000000087e00000|  0%| F|  |TS  0|AC  0|TAMS 0x0000000087d00000, 0x0000000087d00000|
| 106|0x0000000087e00000, 0x0000000087e00000, 0x0000000087f00000|  0%| F|  |TS  0|AC  0|TAMS 0x0000000087e00000, 0x0000000087e00000|
| 107|0x0000000087f00000, 0x0000000087f00000, 0x0000000088000000|  0%| F|  |TS  0|AC  0|TAMS 0x0000000087f00000, 0x0000000087f00000|
| 108|0x0000000088000000, 0x0000000088000000, 0x0000000088100000|  0%| F|  |TS  0|AC  0|TAMS 0x0000000088000000, 0x0000000088000000|
| 109|0x0000000088100000, 0x0000000088100000, 0x0000000088200000|  0%| F|  |TS  0|AC  0|TAMS 0x0000000088100000, 0x0000000088100000|
| 110|0x0000000088200000, 0x0000000088200000, 0x0000000088300000|  0%| F|  |TS  0|AC  0|TAMS 0x0000000088200000, 0x0000000088200000|
| 111|0x0000000088300000, 0x0000000088300000, 0x0000000088400000|  0%| F|  |TS  0|AC  0|TAMS 0x0000000088300000, 0x0000000088300000|
| 112|0x0000000088400000, 0x0000000088400000, 0x0000000088500000|  0%| F|  |TS  0|AC  0|TAMS 0x0000000088400000, 0x0000000088400000|
| 113|0x0000000088500000, 0x0000000088500000, 0x0000000088600000|  0%| F|  |TS  0|AC  0|TAMS 0x0000000088500000, 0x0000000088500000|
| 114|0x0000000088600000, 0x0000000088600000, 0x0000000088700000|  0%| F|  |TS  0|AC  0|TAMS 0x0000000088600000, 0x0000000088600000|
| 115|0x0000000088700000, 0x0000000088700000, 0x0000000088800000|  0%| F|  |TS  0|AC  0|TAMS 0x0000000088700000, 0x0000000088700000|
| 116|0x0000000088800000, 0x0000000088800000, 0x0000000088900000|  0%| F|  |TS  0|AC  0|TAMS 0x0000000088800000, 0x0000000088800000|
| 117|0x0000000088900000, 0x0000000088900000, 0x0000000088a00000|  0%| F|  |TS  0|AC  0|TAMS 0x0000000088900000, 0x0000000088900000|
| 118|0x0000000088a00000, 0x0000000088a00000, 0x0000000088b00000|  0%| F|  |TS  0|AC  0|TAMS 0x0000000088a00000, 0x0000000088a00000|
| 119|0x0000000088b00000, 0x0000000088b00000, 0x0000000088c00000|  0%| F|  |TS  0|AC  0|TAMS 0x0000000088b00000, 0x0000000088b00000|
| 120|0x0000000088c00000, 0x0000000088c00000, 0x0000000088d00000|  0%| F|  |TS  0|AC  0|TAMS 0x0000000088c00000, 0x0000000088c00000|
| 121|0x0000000088d00000, 0x0000000088d00000, 0x0000000088e00000|  0%| F|  |TS  0|AC  0|TAMS 0x0000000088d00000, 0x0000000088d00000|
| 122|0x0000000088e00000, 0x0000000088e00000, 0x0000000088f00000|  0%| F|  |TS  0|AC  0|TAMS 0x0000000088e00000, 0x0000000088e00000|
| 123|0x0000000088f00000, 0x0000000088f00000, 0x0000000089000000|  0%| F|  |TS  0|AC  0|TAMS 0x0000000088f00000, 0x0000000088f00000|
| 124|0x0000000089000000, 0x0000000089000000, 0x0000000089100000|  0%| F|  |TS  0|AC  0|TAMS 0x0000000089000000, 0x0000000089000000|
| 125|0x0000000089100000, 0x000000008917b630, 0x0000000089200000| 48%| E|  |TS  0|AC  0|TAMS 0x0000000089100000, 0x0000000089100000|
| 126|0x0000000089200000, 0x0000000089300000, 0x0000000089300000|100%| E|CS|TS  0|AC  0|TAMS 0x0000000089200000, 0x0000000089200000|
| 127|0x0000000089300000, 0x0000000089400000, 0x0000000089400000|100%| E|CS|TS  0|AC  0|TAMS 0x0000000089300000, 0x0000000089300000|

Card table byte_map: [0x0000020233ef0000,0x00000202342f0000] byte_map_base: 0x0000020233ae6000

Marking Bits (Prev, Next): (CMBitMap*) 0x0000020238694800, (CMBitMap*) 0x0000020238694838
 Prev Bits: [0x00000202346f0000, 0x00000202366a0000)
 Next Bits: [0x00000202366a0000, 0x0000020238650000)

Polling page: 0x0000020215a80000

CodeHeap 'non-profiled nmethods': size=120000Kb used=46Kb max_used=46Kb free=119953Kb
 bounds [0x000002022b760000, 0x000002022b9d0000, 0x0000020232c90000]
CodeHeap 'profiled nmethods': size=120000Kb used=222Kb max_used=222Kb free=119777Kb
 bounds [0x0000020224230000, 0x00000202244a0000, 0x000002022b760000]
CodeHeap 'non-nmethods': size=5760Kb used=1148Kb max_used=1159Kb free=4611Kb
 bounds [0x0000020223c90000, 0x0000020223f00000, 0x0000020224230000]
 total_blobs=488 nmethods=166 adapters=179
 compilation: enabled

Compilation events (10 events):
Event: 0.246 Thread 0x000002023b9ca800  160       3       java.lang.String::getBytes (44 bytes)
Event: 0.246 Thread 0x000002023b9ca800 nmethod 160 0x0000020224265810 code [0x0000020224265a00, 0x0000020224265e40]
Event: 0.246 Thread 0x000002023b9ce800  163       4       java.lang.String::charAt (25 bytes)
Event: 0.247 Thread 0x000002023b9ca800  164       3       java.util.Objects::checkIndex (7 bytes)
Event: 0.247 Thread 0x000002023b9ce800 nmethod 163 0x000002022b76b490 code [0x000002022b76b640, 0x000002022b76b7a8]
Event: 0.247 Thread 0x000002023b9ca800 nmethod 164 0x0000020224266010 code [0x0000020224266220, 0x00000202242668f0]
Event: 0.248 Thread 0x000002023b9ca800  165       3       jdk.internal.util.Preconditions::checkIndex (18 bytes)
Event: 0.248 Thread 0x000002023b9ca800 nmethod 165 0x0000020224266b90 code [0x0000020224266da0, 0x0000020224267410]
Event: 0.248 Thread 0x000002023b9ca800  166       3       java.util.ArrayList::elementData (7 bytes)
Event: 0.248 Thread 0x000002023b9ca800 nmethod 166 0x0000020224267610 code [0x00000202242677c0, 0x0000020224267938]

GC Heap History (0 events):
No events

Deoptimization events (0 events):
No events

Classes redefined (10 events):
Event: 47.702 Thread 0x000002023b962000 redefined class name=main.java.GameObjects.BlackjackGame, count=1
Event: 97.707 Thread 0x000002023b962000 redefined class name=main.java.GameObjects.BlackjackGame, count=2
Event: 218.113 Thread 0x000002023b962000 redefined class name=main.java.PlayerObjects.BlackjackPlayer, count=1
Event: 218.113 Thread 0x000002023b962000 redefined class name=main.java.PlayerObjects.Dealer, count=1
Event: 365.211 Thread 0x000002023b962000 redefined class name=main.java.GameObjects.BlackjackGame, count=3
Event: 577.589 Thread 0x000002023b962000 redefined class name=main.java.Start, count=1
Event: 604.006 Thread 0x000002023b962000 redefined class name=main.java.Start, count=2
Event: 147884.967 Thread 0x000002023b962000 redefined class name=main.java.GameObjects.BlackjackGame, count=4
Event: 147942.509 Thread 0x000002023b962000 redefined class name=main.java.GameObjects.BlackjackGame, count=5
Event: 148097.395 Thread 0x000002023b962000 redefined class name=main.java.GameObjects.BlackjackGame, count=6

Internal exceptions (0 events):
No events

Events (10 events):
Event: 148097.395 Executing VM operation: RedefineClasses done
Event: 148097.395 Executing VM operation: GetFrameCount
Event: 148097.395 Executing VM operation: GetFrameCount done
Event: 148097.396 Executing VM operation: GetFrameCount
Event: 148097.396 Executing VM operation: GetFrameCount done
Event: 148097.396 Executing VM operation: GetFrameLocation
Event: 148097.396 Executing VM operation: GetFrameLocation done
Event: 148097.396 Executing VM operation: GetFrameLocation
Event: 148097.396 Executing VM operation: GetFrameLocation done
Event: 148097.396 Executing VM operation: GetOrSetLocal


Dynamic libraries:
0x00007ff700a00000 - 0x00007ff700a3e000 	C:\Program Files\Java\jdk-9\bin\java.exe
0x00007ffb57ec0000 - 0x00007ffb580a0000 	C:\WINDOWS\SYSTEM32\ntdll.dll
0x00007ffb56d50000 - 0x00007ffb56dfe000 	C:\WINDOWS\System32\KERNEL32.DLL
0x00007ffb54490000 - 0x00007ffb546f6000 	C:\WINDOWS\System32\KERNELBASE.dll
0x00007ffb571f0000 - 0x00007ffb57291000 	C:\WINDOWS\System32\ADVAPI32.dll
0x00007ffb57140000 - 0x00007ffb571dd000 	C:\WINDOWS\System32\msvcrt.dll
0x00007ffb57d20000 - 0x00007ffb57d7b000 	C:\WINDOWS\System32\sechost.dll
0x00007ffb57750000 - 0x00007ffb5786f000 	C:\WINDOWS\System32\RPCRT4.dll
0x00007ffb575c0000 - 0x00007ffb5774f000 	C:\WINDOWS\System32\USER32.dll
0x00007ffb54850000 - 0x00007ffb54870000 	C:\WINDOWS\System32\win32u.dll
0x00007ffb56d20000 - 0x00007ffb56d48000 	C:\WINDOWS\System32\GDI32.dll
0x00007ffb55140000 - 0x00007ffb552d3000 	C:\WINDOWS\System32\gdi32full.dll
0x00007ffb548f0000 - 0x00007ffb5498b000 	C:\WINDOWS\System32\msvcp_win.dll
0x00007ffb54750000 - 0x00007ffb54846000 	C:\WINDOWS\System32\ucrtbase.dll
0x00007ffb4af50000 - 0x00007ffb4b1b9000 	C:\WINDOWS\WinSxS\amd64_microsoft.windows.common-controls_6595b64144ccf1df_6.0.16299.309_none_15cfd4c4935e6b11\COMCTL32.dll
0x00007ffb50420000 - 0x00007ffb5042a000 	C:\WINDOWS\SYSTEM32\VERSION.dll
0x00007ffb569b0000 - 0x00007ffb56cb8000 	C:\WINDOWS\System32\combase.dll
0x00007ffb54870000 - 0x00007ffb548e2000 	C:\WINDOWS\System32\bcryptPrimitives.dll
0x00007ffb572a0000 - 0x00007ffb572cd000 	C:\WINDOWS\System32\IMM32.DLL
0x00007ffb2caa0000 - 0x00007ffb2cb8f000 	C:\Program Files\Java\jdk-9\bin\msvcr120.dll
0x00007ffb2c9f0000 - 0x00007ffb2ca96000 	C:\Program Files\Java\jdk-9\bin\msvcp120.dll
0x00000000719a0000 - 0x00000000723ca000 	C:\Program Files\Java\jdk-9\bin\server\jvm.dll
0x00007ffb569a0000 - 0x00007ffb569a8000 	C:\WINDOWS\System32\PSAPI.DLL
0x00007ffb49e60000 - 0x00007ffb49e83000 	C:\WINDOWS\SYSTEM32\WINMM.dll
0x00007ffb48620000 - 0x00007ffb48629000 	C:\WINDOWS\SYSTEM32\WSOCK32.dll
0x00007ffb56e10000 - 0x00007ffb56e7c000 	C:\WINDOWS\System32\WS2_32.dll
0x00007ffb49ce0000 - 0x00007ffb49d0a000 	C:\WINDOWS\SYSTEM32\WINMMBASE.dll
0x00007ffb54700000 - 0x00007ffb5474a000 	C:\WINDOWS\System32\cfgmgr32.dll
0x00007ffb50360000 - 0x00007ffb5036f000 	C:\Program Files\Java\jdk-9\bin\verify.dll
0x00007ffb43f30000 - 0x00007ffb43f57000 	C:\Program Files\Java\jdk-9\bin\java.dll
0x00007ffb3c3a0000 - 0x00007ffb3c3d6000 	C:\Program Files\Java\jdk-9\bin\jdwp.dll
0x00007ffb4d2c0000 - 0x00007ffb4d2d6000 	C:\Program Files\Java\jdk-9\bin\zip.dll
0x00007ffb4dd30000 - 0x00007ffb4dd3a000 	C:\Program Files\Java\jdk-9\bin\jimage.dll
0x00007ffb55540000 - 0x00007ffb56976000 	C:\WINDOWS\System32\SHELL32.dll
0x00007ffb572d0000 - 0x00007ffb57376000 	C:\WINDOWS\System32\shcore.dll
0x00007ffb54990000 - 0x00007ffb550d7000 	C:\WINDOWS\System32\windows.storage.dll
0x00007ffb56cc0000 - 0x00007ffb56d11000 	C:\WINDOWS\System32\shlwapi.dll
0x00007ffb54280000 - 0x00007ffb54291000 	C:\WINDOWS\System32\kernel.appcore.dll
0x00007ffb54230000 - 0x00007ffb5427c000 	C:\WINDOWS\System32\powrprof.dll
0x00007ffb54210000 - 0x00007ffb5422b000 	C:\WINDOWS\System32\profapi.dll
0x00007ffb44640000 - 0x00007ffb4465a000 	C:\Program Files\Java\jdk-9\bin\net.dll
0x00007ffb50910000 - 0x00007ffb509ee000 	C:\WINDOWS\SYSTEM32\WINHTTP.dll
0x00007ffb53aa0000 - 0x00007ffb53b06000 	C:\WINDOWS\system32\mswsock.dll
0x00007ffb42730000 - 0x00007ffb42741000 	C:\Program Files\Java\jdk-9\bin\nio.dll
0x00007ffb4d2a0000 - 0x00007ffb4d2aa000 	C:\Program Files\Java\jdk-9\bin\dt_socket.dll
0x00007ffb4e250000 - 0x00007ffb4e418000 	C:\WINDOWS\SYSTEM32\dbghelp.dll

VM Arguments:
jvm_args: -agentlib:jdwp=transport=dt_socket,address=127.0.0.1:63770,suspend=y,server=n -Dfile.encoding=UTF-8 
java_command: main.java.Start
java_class_path (initial): C:\Users\Dean\production\GrammaticalBlackjack;C:\Users\Dean\Documents\ecj\jar\ecj.25.jar;C:\Program Files\JetBrains\IntelliJ IDEA 2017.2.5\lib\idea_rt.jar
Launcher Type: SUN_STANDARD

Logging:
Log output configuration:
#0: stdout all=warning uptime,level,tags
#1: stderr all=off uptime,level,tags

Environment Variables:
JAVA_HOME=C:\Program Files\Java\jdk1.8.0_77
PATH=c:\programdata\oracle\java\javapath;c:\program files (x86)\intel\icls client\;c:\program files\intel\icls client\;c:\windows\system32;c:\windows;c:\windows\system32\wbem;c:\windows\system32\windowspowershell\v1.0\;c:\program files\intel\intel(r) management engine components\dal;c:\program files\intel\intel(r) management engine components\ipt;c:\program files (x86)\intel\intel(r) management engine components\dal;c:\program files (x86)\intel\intel(r) management engine components\ipt;c:\program files (x86)\windows live\shared;c:\program files (x86)\quicktime\qtsystem\;C:\Program Files (x86)\NVIDIA Corporation\PhysX\Common;C:\Android;C:\Windows\System32;C:\Program Files (x86)\Skype\Phone\;C:\WINDOWS\system32;C:\WINDOWS;C:\WINDOWS\System32\Wbem;C:\WINDOWS\System32\WindowsPowerShell\v1.0\;C:\Ruby24\bin;C:\Program Files (x86)\GtkSharp\2.12\bin;C:\Ruby24\bin;%USERPROFILE%\AppData\Local\Microsoft\WindowsApps;
USERNAME=Dean
OS=Windows_NT
PROCESSOR_IDENTIFIER=Intel64 Family 6 Model 60 Stepping 3, GenuineIntel



---------------  S Y S T E M  ---------------

OS: Windows 10 , 64 bit Build 16299 (10.0.16299.15)

CPU:total 8 (initial active 8) (4 cores per cpu, 2 threads per core) family 6 model 60 stepping 3, cmov, cx8, fxsr, mmx, sse, sse2, sse3, ssse3, sse4.1, sse4.2, popcnt, avx, avx2, aes, clmul, erms, lzcnt, ht, tsc, tscinvbit, bmi1, bmi2, fma

Memory: 4k page, physical 8305356k(1322664k free), swap 18266828k(6700824k free)

vm_info: Java HotSpot(TM) 64-Bit Server VM (9+181) for windows-amd64 JRE (9+181), built on Aug  2 2017 21:30:51 by "javare" with MS VC++ 12.0 (VS2013)

END.
